<?xml version="1.0" encoding="UTF-8"?>
<testng-results skipped="0" failed="2" total="5" passed="3">
  <reporter-output>
    <line>
      <![CDATA[<br>  <img src='[TestResult name=basePageNavigation status=FAILURE method=Validatetile.basePageNavigation()[pri:0, instance:com.mavenfirst.app.Validatetile@67c27493] output={null}]' height='100' width='100' /><br>]]>
    </line>
    <line>
      <![CDATA[<a href=[TestResult name=basePageNavigation status=FAILURE method=Validatetile.basePageNavigation()[pri:0, instance:com.mavenfirst.app.Validatetile@67c27493] output=<br>  <img src='[TestResult name=basePageNavigation status=FAILURE method=Validatetile.basePageNavigation()[pri:0, instance:com.mavenfirst.app.Validatetile@67c27493] output={null}]' height='100' width='100' /><br>]></a>]]>
    </line>
    <line>
      <![CDATA[<br>  <img src='[TestResult name=basePageNavigation status=FAILURE method=HomePage.basePageNavigation(java.lang.String, java.lang.String)[pri:0, instance:com.mavenfirst.app.HomePage@2a3b5b47] output={null}]' height='100' width='100' /><br>]]>
    </line>
    <line>
      <![CDATA[<a href=[TestResult name=basePageNavigation status=FAILURE method=HomePage.basePageNavigation(java.lang.String, java.lang.String)[pri:0, instance:com.mavenfirst.app.HomePage@2a3b5b47] output=<br>  <img src='[TestResult name=basePageNavigation status=FAILURE method=HomePage.basePageNavigation(java.lang.String, java.lang.String)[pri:0, instance:com.mavenfirst.app.HomePage@2a3b5b47] output={null}]' height='100' width='100' /><br>]></a>]]>
    </line>
    <line>
      <![CDATA[iNto BAse Page]]>
    </line>
  </reporter-output>
  <suite name="Suite" duration-ms="101312" started-at="2019-01-16T17:49:00Z" finished-at="2019-01-16T17:50:42Z">
    <groups>
    </groups>
    <test name="Validating Navigation Bar" duration-ms="23849" started-at="2019-01-16T17:49:00Z" finished-at="2019-01-16T17:49:24Z">
      <class name="com.mavenfirst.app.ValidateNavBar">
        <test-method status="PASS" signature="initialize()[pri:0, instance:com.mavenfirst.app.ValidateNavBar@6c64cb25]" name="initialize" is-config="true" duration-ms="23643" started-at="2019-01-16T12:49:00Z" finished-at="2019-01-16T12:49:24Z">
          <reporter-output>
          </reporter-output>
        </test-method> <!-- initialize -->
        <test-method status="PASS" signature="basePageNavigation()[pri:0, instance:com.mavenfirst.app.ValidateNavBar@6c64cb25]" name="basePageNavigation" duration-ms="60" started-at="2019-01-16T12:49:24Z" finished-at="2019-01-16T12:49:24Z">
          <reporter-output>
          </reporter-output>
        </test-method> <!-- basePageNavigation -->
        <test-method status="PASS" signature="browseClose()[pri:0, instance:com.mavenfirst.app.ValidateNavBar@6c64cb25]" name="browseClose" is-config="true" duration-ms="121" started-at="2019-01-16T12:49:24Z" finished-at="2019-01-16T12:49:24Z">
          <reporter-output>
          </reporter-output>
        </test-method> <!-- browseClose -->
      </class> <!-- com.mavenfirst.app.ValidateNavBar -->
    </test> <!-- Validating Navigation Bar -->
    <test name="VAlidating Title" duration-ms="35313" started-at="2019-01-16T17:49:24Z" finished-at="2019-01-16T17:49:59Z">
      <class name="com.mavenfirst.app.Validatetile">
        <test-method status="PASS" signature="initialize()[pri:0, instance:com.mavenfirst.app.Validatetile@67c27493]" name="initialize" is-config="true" duration-ms="34653" started-at="2019-01-16T12:49:24Z" finished-at="2019-01-16T12:49:59Z">
          <reporter-output>
          </reporter-output>
        </test-method> <!-- initialize -->
        <test-method status="FAIL" signature="basePageNavigation()[pri:0, instance:com.mavenfirst.app.Validatetile@67c27493]" name="basePageNavigation" duration-ms="61" started-at="2019-01-16T12:49:59Z" finished-at="2019-01-16T12:49:59Z">
          <exception class="java.lang.AssertionError">
            <message>
              <![CDATA[expected [FEATURED COURSES123] but found [FEATURED COURSES]]]>
            </message>
            <full-stacktrace>
              <![CDATA[java.lang.AssertionError: expected [FEATURED COURSES123] but found [FEATURED COURSES]
	at org.testng.Assert.fail(Assert.java:94)
	at org.testng.Assert.failNotEquals(Assert.java:494)
	at org.testng.Assert.assertEquals(Assert.java:123)
	at org.testng.Assert.assertEquals(Assert.java:176)
	at org.testng.Assert.assertEquals(Assert.java:186)
	at com.mavenfirst.app.Validatetile.basePageNavigation(Validatetile.java:32)
	at sun.reflect.NativeMethodAccessorImpl.invoke0(Native Method)
	at sun.reflect.NativeMethodAccessorImpl.invoke(Unknown Source)
	at sun.reflect.DelegatingMethodAccessorImpl.invoke(Unknown Source)
	at java.lang.reflect.Method.invoke(Unknown Source)
	at org.testng.internal.MethodInvocationHelper.invokeMethod(MethodInvocationHelper.java:80)
	at org.testng.internal.Invoker.invokeMethod(Invoker.java:714)
	at org.testng.internal.Invoker.invokeTestMethod(Invoker.java:901)
	at org.testng.internal.Invoker.invokeTestMethods(Invoker.java:1231)
	at org.testng.internal.TestMethodWorker.invokeTestMethods(TestMethodWorker.java:127)
	at org.testng.internal.TestMethodWorker.run(TestMethodWorker.java:111)
	at org.testng.TestRunner.privateRun(TestRunner.java:767)
	at org.testng.TestRunner.run(TestRunner.java:617)
	at org.testng.SuiteRunner.runTest(SuiteRunner.java:334)
	at org.testng.SuiteRunner.runSequentially(SuiteRunner.java:329)
	at org.testng.SuiteRunner.privateRun(SuiteRunner.java:291)
	at org.testng.SuiteRunner.run(SuiteRunner.java:240)
	at org.testng.SuiteRunnerWorker.runSuite(SuiteRunnerWorker.java:52)
	at org.testng.SuiteRunnerWorker.run(SuiteRunnerWorker.java:86)
	at org.testng.TestNG.runSuitesSequentially(TestNG.java:1198)
	at org.testng.TestNG.runSuitesLocally(TestNG.java:1123)
	at org.testng.TestNG.run(TestNG.java:1031)
	at org.testng.remote.AbstractRemoteTestNG.run(AbstractRemoteTestNG.java:114)
	at org.testng.remote.RemoteTestNG.initAndRun(RemoteTestNG.java:251)
	at org.testng.remote.RemoteTestNG.main(RemoteTestNG.java:77)
]]>
            </full-stacktrace>
          </exception> <!-- java.lang.AssertionError -->
          <reporter-output>
            <line>
              <![CDATA[<br>  <img src='[TestResult name=basePageNavigation status=FAILURE method=Validatetile.basePageNavigation()[pri:0, instance:com.mavenfirst.app.Validatetile@67c27493] output={null}]' height='100' width='100' /><br>]]>
            </line>
            <line>
              <![CDATA[<a href=[TestResult name=basePageNavigation status=FAILURE method=Validatetile.basePageNavigation()[pri:0, instance:com.mavenfirst.app.Validatetile@67c27493] output=<br>  <img src='[TestResult name=basePageNavigation status=FAILURE method=Validatetile.basePageNavigation()[pri:0, instance:com.mavenfirst.app.Validatetile@67c27493] output={null}]' height='100' width='100' /><br>]></a>]]>
            </line>
          </reporter-output>
        </test-method> <!-- basePageNavigation -->
        <test-method status="PASS" signature="browseClose()[pri:0, instance:com.mavenfirst.app.Validatetile@67c27493]" name="browseClose" is-config="true" duration-ms="111" started-at="2019-01-16T12:49:59Z" finished-at="2019-01-16T12:49:59Z">
          <reporter-output>
          </reporter-output>
        </test-method> <!-- browseClose -->
      </class> <!-- com.mavenfirst.app.Validatetile -->
    </test> <!-- VAlidating Title -->
    <test name="Validating App Test" duration-ms="7" started-at="2019-01-16T17:49:59Z" finished-at="2019-01-16T17:49:59Z">
      <class name="com.mavenfirst.app.AppTest">
        <test-method status="PASS" signature="testApp()[pri:0, instance:com.mavenfirst.app.AppTest@293a5bf6]" name="testApp" duration-ms="5" started-at="2019-01-16T12:49:59Z" finished-at="2019-01-16T12:49:59Z">
          <reporter-output>
          </reporter-output>
        </test-method> <!-- testApp -->
      </class> <!-- com.mavenfirst.app.AppTest -->
    </test> <!-- Validating App Test -->
    <test name="Validating HomPage" duration-ms="42114" started-at="2019-01-16T17:49:59Z" finished-at="2019-01-16T17:50:42Z">
      <class name="com.mavenfirst.app.HomePage">
        <test-method status="PASS" signature="initialize()[pri:0, instance:com.mavenfirst.app.HomePage@2a3b5b47]" name="initialize" is-config="true" duration-ms="2160" started-at="2019-01-16T12:49:59Z" finished-at="2019-01-16T12:50:02Z">
          <reporter-output>
          </reporter-output>
        </test-method> <!-- initialize -->
        <test-method status="PASS" signature="beforetest()[pri:0, instance:com.mavenfirst.app.HomePage@2a3b5b47]" name="beforetest" is-config="true" duration-ms="0" started-at="2019-01-16T12:49:59Z" finished-at="2019-01-16T12:49:59Z">
          <reporter-output>
          </reporter-output>
        </test-method> <!-- beforetest -->
        <test-method status="PASS" signature="beforeclass()[pri:0, instance:com.mavenfirst.app.HomePage@2a3b5b47]" name="beforeclass" is-config="true" duration-ms="0" started-at="2019-01-16T12:50:02Z" finished-at="2019-01-16T12:50:02Z">
          <reporter-output>
          </reporter-output>
        </test-method> <!-- beforeclass -->
        <test-method status="FAIL" signature="basePageNavigation(java.lang.String, java.lang.String)[pri:0, instance:com.mavenfirst.app.HomePage@2a3b5b47]" name="basePageNavigation" duration-ms="19857" started-at="2019-01-16T12:50:02Z" data-provider="getData" finished-at="2019-01-16T12:50:21Z">
          <params>
            <param index="0">
              <value>
                <![CDATA[Rukmani]]>
              </value>
            </param>
            <param index="1">
              <value>
                <![CDATA[Rukmani]]>
              </value>
            </param>
          </params>
          <exception class="org.openqa.selenium.WebDriverException">
            <message>
              <![CDATA[unknown error: Element <a href="http://qaclickacademy.usefedora.com/sign_in">...</a> is not clickable at point (887, 15). Other element would receive the click: <div class="listbuilder-popup-content">...</div>
  (Session info: chrome=71.0.3578.98)
  (Driver info: chromedriver=2.45.615291 (ec3682e3c9061c10f26ea9e5cdcf3c53f3f74387),platform=Windows NT 10.0.17134 x86_64) (WARNING: The server did not provide any stacktrace information)
Command duration or timeout: 0 milliseconds
Build info: version: '3.141.59', revision: 'e82be7d358', time: '2018-11-14T08:17:03'
System info: host: 'LAPTOP-Q5B7G7L1', ip: '192.168.238.1', os.name: 'Windows 10', os.arch: 'amd64', os.version: '10.0', java.version: '1.8.0_171'
Driver info: org.openqa.selenium.chrome.ChromeDriver
Capabilities {acceptInsecureCerts: false, acceptSslCerts: false, applicationCacheEnabled: false, browserConnectionEnabled: false, browserName: chrome, chrome: {chromedriverVersion: 2.45.615291 (ec3682e3c9061c..., userDataDir: C:\Users\karth\AppData\Loca...}, cssSelectorsEnabled: true, databaseEnabled: false, goog:chromeOptions: {debuggerAddress: localhost:55558}, handlesAlerts: true, hasTouchScreen: false, javascriptEnabled: true, locationContextEnabled: true, mobileEmulationEnabled: false, nativeEvents: true, networkConnectionEnabled: false, pageLoadStrategy: normal, platform: XP, platformName: XP, proxy: Proxy(), rotatable: false, setWindowRect: true, strictFileInteractability: false, takesHeapSnapshot: true, takesScreenshot: true, timeouts: {implicit: 0, pageLoad: 300000, script: 30000}, unexpectedAlertBehaviour: ignore, unhandledPromptBehavior: ignore, version: 71.0.3578.98, webStorageEnabled: true}
Session ID: 4f5dbec9602318130fc433552e6f4f50]]>
            </message>
            <full-stacktrace>
              <![CDATA[org.openqa.selenium.WebDriverException: unknown error: Element <a href="http://qaclickacademy.usefedora.com/sign_in">...</a> is not clickable at point (887, 15). Other element would receive the click: <div class="listbuilder-popup-content">...</div>
  (Session info: chrome=71.0.3578.98)
  (Driver info: chromedriver=2.45.615291 (ec3682e3c9061c10f26ea9e5cdcf3c53f3f74387),platform=Windows NT 10.0.17134 x86_64) (WARNING: The server did not provide any stacktrace information)
Command duration or timeout: 0 milliseconds
Build info: version: '3.141.59', revision: 'e82be7d358', time: '2018-11-14T08:17:03'
System info: host: 'LAPTOP-Q5B7G7L1', ip: '192.168.238.1', os.name: 'Windows 10', os.arch: 'amd64', os.version: '10.0', java.version: '1.8.0_171'
Driver info: org.openqa.selenium.chrome.ChromeDriver
Capabilities {acceptInsecureCerts: false, acceptSslCerts: false, applicationCacheEnabled: false, browserConnectionEnabled: false, browserName: chrome, chrome: {chromedriverVersion: 2.45.615291 (ec3682e3c9061c..., userDataDir: C:\Users\karth\AppData\Loca...}, cssSelectorsEnabled: true, databaseEnabled: false, goog:chromeOptions: {debuggerAddress: localhost:55558}, handlesAlerts: true, hasTouchScreen: false, javascriptEnabled: true, locationContextEnabled: true, mobileEmulationEnabled: false, nativeEvents: true, networkConnectionEnabled: false, pageLoadStrategy: normal, platform: XP, platformName: XP, proxy: Proxy(), rotatable: false, setWindowRect: true, strictFileInteractability: false, takesHeapSnapshot: true, takesScreenshot: true, timeouts: {implicit: 0, pageLoad: 300000, script: 30000}, unexpectedAlertBehaviour: ignore, unhandledPromptBehavior: ignore, version: 71.0.3578.98, webStorageEnabled: true}
Session ID: 4f5dbec9602318130fc433552e6f4f50
	at sun.reflect.NativeConstructorAccessorImpl.newInstance0(Native Method)
	at sun.reflect.NativeConstructorAccessorImpl.newInstance(Unknown Source)
	at sun.reflect.DelegatingConstructorAccessorImpl.newInstance(Unknown Source)
	at java.lang.reflect.Constructor.newInstance(Unknown Source)
	at org.openqa.selenium.remote.ErrorHandler.createThrowable(ErrorHandler.java:214)
	at org.openqa.selenium.remote.ErrorHandler.throwIfResponseFailed(ErrorHandler.java:166)
	at org.openqa.selenium.remote.http.JsonHttpResponseCodec.reconstructValue(JsonHttpResponseCodec.java:40)
	at org.openqa.selenium.remote.http.AbstractHttpResponseCodec.decode(AbstractHttpResponseCodec.java:80)
	at org.openqa.selenium.remote.http.AbstractHttpResponseCodec.decode(AbstractHttpResponseCodec.java:44)
	at org.openqa.selenium.remote.HttpCommandExecutor.execute(HttpCommandExecutor.java:158)
	at org.openqa.selenium.remote.service.DriverCommandExecutor.execute(DriverCommandExecutor.java:83)
	at org.openqa.selenium.remote.RemoteWebDriver.execute(RemoteWebDriver.java:552)
	at org.openqa.selenium.remote.RemoteWebElement.execute(RemoteWebElement.java:285)
	at org.openqa.selenium.remote.RemoteWebElement.click(RemoteWebElement.java:84)
	at com.mavenfirst.app.HomePage.basePageNavigation(HomePage.java:47)
	at sun.reflect.NativeMethodAccessorImpl.invoke0(Native Method)
	at sun.reflect.NativeMethodAccessorImpl.invoke(Unknown Source)
	at sun.reflect.DelegatingMethodAccessorImpl.invoke(Unknown Source)
	at java.lang.reflect.Method.invoke(Unknown Source)
	at org.testng.internal.MethodInvocationHelper.invokeMethod(MethodInvocationHelper.java:80)
	at org.testng.internal.Invoker.invokeMethod(Invoker.java:714)
	at org.testng.internal.Invoker.invokeTestMethod(Invoker.java:901)
	at org.testng.internal.Invoker.invokeTestMethods(Invoker.java:1231)
	at org.testng.internal.TestMethodWorker.invokeTestMethods(TestMethodWorker.java:127)
	at org.testng.internal.TestMethodWorker.run(TestMethodWorker.java:111)
	at org.testng.TestRunner.privateRun(TestRunner.java:767)
	at org.testng.TestRunner.run(TestRunner.java:617)
	at org.testng.SuiteRunner.runTest(SuiteRunner.java:334)
	at org.testng.SuiteRunner.runSequentially(SuiteRunner.java:329)
	at org.testng.SuiteRunner.privateRun(SuiteRunner.java:291)
	at org.testng.SuiteRunner.run(SuiteRunner.java:240)
	at org.testng.SuiteRunnerWorker.runSuite(SuiteRunnerWorker.java:52)
	at org.testng.SuiteRunnerWorker.run(SuiteRunnerWorker.java:86)
	at org.testng.TestNG.runSuitesSequentially(TestNG.java:1198)
	at org.testng.TestNG.runSuitesLocally(TestNG.java:1123)
	at org.testng.TestNG.run(TestNG.java:1031)
	at org.testng.remote.AbstractRemoteTestNG.run(AbstractRemoteTestNG.java:114)
	at org.testng.remote.RemoteTestNG.initAndRun(RemoteTestNG.java:251)
	at org.testng.remote.RemoteTestNG.main(RemoteTestNG.java:77)
]]>
            </full-stacktrace>
          </exception> <!-- org.openqa.selenium.WebDriverException -->
          <reporter-output>
            <line>
              <![CDATA[<br>  <img src='[TestResult name=basePageNavigation status=FAILURE method=HomePage.basePageNavigation(java.lang.String, java.lang.String)[pri:0, instance:com.mavenfirst.app.HomePage@2a3b5b47] output={null}]' height='100' width='100' /><br>]]>
            </line>
            <line>
              <![CDATA[<a href=[TestResult name=basePageNavigation status=FAILURE method=HomePage.basePageNavigation(java.lang.String, java.lang.String)[pri:0, instance:com.mavenfirst.app.HomePage@2a3b5b47] output=<br>  <img src='[TestResult name=basePageNavigation status=FAILURE method=HomePage.basePageNavigation(java.lang.String, java.lang.String)[pri:0, instance:com.mavenfirst.app.HomePage@2a3b5b47] output={null}]' height='100' width='100' /><br>]></a>]]>
            </line>
          </reporter-output>
        </test-method> <!-- basePageNavigation -->
        <test-method status="PASS" signature="basePageNavigation(java.lang.String, java.lang.String)[pri:0, instance:com.mavenfirst.app.HomePage@2a3b5b47]" name="basePageNavigation" duration-ms="17292" started-at="2019-01-16T12:50:22Z" data-provider="getData" finished-at="2019-01-16T12:50:39Z">
          <params>
            <param index="0">
              <value>
                <![CDATA[KArthik]]>
              </value>
            </param>
            <param index="1">
              <value>
                <![CDATA[Karthik]]>
              </value>
            </param>
          </params>
          <reporter-output>
            <line>
              <![CDATA[iNto BAse Page]]>
            </line>
          </reporter-output>
        </test-method> <!-- basePageNavigation -->
        <test-method status="PASS" signature="browseClose()[pri:0, instance:com.mavenfirst.app.HomePage@2a3b5b47]" name="browseClose" is-config="true" duration-ms="2322" started-at="2019-01-16T12:50:39Z" finished-at="2019-01-16T12:50:42Z">
          <reporter-output>
          </reporter-output>
        </test-method> <!-- browseClose -->
      </class> <!-- com.mavenfirst.app.HomePage -->
    </test> <!-- Validating HomPage -->
  </suite> <!-- Suite -->
</testng-results>
